[2025-04-28T16:43:03.052+0000] {taskinstance.py:1103} INFO - Dependencies all met for dep_context=non-requeueable deps ti=<TaskInstance: earth_monitoring_system.fetch_air_quality manual__2025-04-28T16:42:58.918391+00:00 [queued]>
[2025-04-28T16:43:03.072+0000] {taskinstance.py:1103} INFO - Dependencies all met for dep_context=requeueable deps ti=<TaskInstance: earth_monitoring_system.fetch_air_quality manual__2025-04-28T16:42:58.918391+00:00 [queued]>
[2025-04-28T16:43:03.072+0000] {taskinstance.py:1308} INFO - Starting attempt 1 of 2
[2025-04-28T16:43:03.100+0000] {taskinstance.py:1327} INFO - Executing <Task(PythonOperator): fetch_air_quality> on 2025-04-28 16:42:58.918391+00:00
[2025-04-28T16:43:03.122+0000] {standard_task_runner.py:57} INFO - Started process 374 to run task
[2025-04-28T16:43:03.122+0000] {standard_task_runner.py:84} INFO - Running: ['airflow', 'tasks', 'run', 'earth_monitoring_system', 'fetch_air_quality', 'manual__2025-04-28T16:42:58.918391+00:00', '--job-id', '5', '--raw', '--subdir', 'DAGS_FOLDER/earth_monitoring_dag.py', '--cfg-path', '/tmp/tmpgok7h99c']
[2025-04-28T16:43:03.129+0000] {standard_task_runner.py:85} INFO - Job 5: Subtask fetch_air_quality
[2025-04-28T16:43:03.212+0000] {logging_mixin.py:150} WARNING - /home/airflow/.local/lib/python3.10/site-packages/airflow/settings.py:195 DeprecationWarning: The sql_alchemy_conn option in [core] has been moved to the sql_alchemy_conn option in [database] - the old setting has been used, but please update your config.
[2025-04-28T16:43:03.427+0000] {task_command.py:410} INFO - Running <TaskInstance: earth_monitoring_system.fetch_air_quality manual__2025-04-28T16:42:58.918391+00:00 [running]> on host 33402e959fd4
[2025-04-28T16:43:03.903+0000] {taskinstance.py:1545} INFO - Exporting env vars: AIRFLOW_CTX_DAG_OWNER='airflow' AIRFLOW_CTX_DAG_ID='earth_monitoring_system' AIRFLOW_CTX_TASK_ID='fetch_air_quality' AIRFLOW_CTX_EXECUTION_DATE='2025-04-28T16:42:58.918391+00:00' AIRFLOW_CTX_TRY_NUMBER='1' AIRFLOW_CTX_DAG_RUN_ID='manual__2025-04-28T16:42:58.918391+00:00'
[2025-04-28T16:43:04.305+0000] {_client.py:1025} INFO - HTTP Request: GET https://api.openaq.org/v3//locations?page=1&limit=100&bbox=-0.464172%2C5.449908%2C0.030212%2C5.691491 "HTTP/1.1 200 OK"
[2025-04-28T16:43:04.424+0000] {base.py:73} INFO - Using connection ID '***_default' for task execution.
[2025-04-28T16:43:04.459+0000] {sql.py:374} INFO - Running statement: 
        INSERT INTO raw.air_quality (
            name, locality, timezone, is_mobile, is_monitor, instruments, sensors, bounds, distance,
            datetime_first, datetime_last, country_id, country_code, country_name,
            owner_id, owner_name, provider_id, provider_name, latitude, longitude,
            datetime_first_utc, datetime_first_local, datetime_last_utc, datetime_last_local
        ) VALUES (
            %(name)s, %(locality)s, %(timezone)s, %(is_mobile)s, %(is_monitor)s, %(instruments)s, %(sensors)s, %(bounds)s, %(distance)s,
            %(datetime_first)s, %(datetime_last)s, %(country_id)s, %(country_code)s, %(country_name)s,
            %(owner_id)s, %(owner_name)s, %(provider_id)s, %(provider_name)s, %(latitude)s, %(longitude)s,
            %(datetime_first_utc)s, %(datetime_first_local)s, %(datetime_last_utc)s, %(datetime_last_local)s
        )
    , parameters: {'name': 'NMA - Nima', 'locality': None, 'timezone': 'Africa/Accra', 'is_mobile': False, 'is_monitor': True, 'instruments': '[{"id": 2, "name": "Government Monitor"}]', 'sensors': '[{"id": 6, "name": "pm10 \\u00b5g/m\\u00b3", "parameter": {"id": 1, "name": "pm10", "units": "\\u00b5g/m\\u00b3", "display_name": "PM10"}}, {"id": 5, "name": "pm25 \\u00b5g/m\\u00b3", "parameter": {"id": 2, "name": "pm25", "units": "\\u00b5g/m\\u00b3", "display_name": "PM2.5"}}]', 'bounds': '[-0.19968, 5.58389, -0.19968, 5.58389]', 'distance': None, 'datetime_first': 'NaN', 'datetime_last': 'NaN', 'country_id': 152, 'country_code': 'GH', 'country_name': 'Ghana', 'owner_id': 4, 'owner_name': 'Unknown Governmental Organization', 'provider_id': 209, 'provider_name': 'Dr. Raphael E. Arku and Colleagues', 'latitude': 5.58389, 'longitude': -0.19968, 'datetime_first_utc': None, 'datetime_first_local': None, 'datetime_last_utc': None, 'datetime_last_local': None}
[2025-04-28T16:43:04.490+0000] {sql.py:383} INFO - Rows affected: 1
[2025-04-28T16:43:04.495+0000] {base.py:73} INFO - Using connection ID '***_default' for task execution.
[2025-04-28T16:43:04.517+0000] {sql.py:374} INFO - Running statement: 
        INSERT INTO raw.air_quality (
            name, locality, timezone, is_mobile, is_monitor, instruments, sensors, bounds, distance,
            datetime_first, datetime_last, country_id, country_code, country_name,
            owner_id, owner_name, provider_id, provider_name, latitude, longitude,
            datetime_first_utc, datetime_first_local, datetime_last_utc, datetime_last_local
        ) VALUES (
            %(name)s, %(locality)s, %(timezone)s, %(is_mobile)s, %(is_monitor)s, %(instruments)s, %(sensors)s, %(bounds)s, %(distance)s,
            %(datetime_first)s, %(datetime_last)s, %(country_id)s, %(country_code)s, %(country_name)s,
            %(owner_id)s, %(owner_name)s, %(provider_id)s, %(provider_name)s, %(latitude)s, %(longitude)s,
            %(datetime_first_utc)s, %(datetime_first_local)s, %(datetime_last_utc)s, %(datetime_last_local)s
        )
    , parameters: {'name': 'NMT - Nima', 'locality': None, 'timezone': 'Africa/Accra', 'is_mobile': False, 'is_monitor': True, 'instruments': '[{"id": 2, "name": "Government Monitor"}]', 'sensors': '[{"id": 7, "name": "pm10 \\u00b5g/m\\u00b3", "parameter": {"id": 1, "name": "pm10", "units": "\\u00b5g/m\\u00b3", "display_name": "PM10"}}, {"id": 8, "name": "pm25 \\u00b5g/m\\u00b3", "parameter": {"id": 2, "name": "pm25", "units": "\\u00b5g/m\\u00b3", "display_name": "PM2.5"}}]', 'bounds': '[-0.19898, 5.58165, -0.19898, 5.58165]', 'distance': None, 'datetime_first': 'NaN', 'datetime_last': 'NaN', 'country_id': 152, 'country_code': 'GH', 'country_name': 'Ghana', 'owner_id': 4, 'owner_name': 'Unknown Governmental Organization', 'provider_id': 209, 'provider_name': 'Dr. Raphael E. Arku and Colleagues', 'latitude': 5.58165, 'longitude': -0.19898, 'datetime_first_utc': None, 'datetime_first_local': None, 'datetime_last_utc': None, 'datetime_last_local': None}
[2025-04-28T16:43:04.544+0000] {sql.py:383} INFO - Rows affected: 1
[2025-04-28T16:43:04.548+0000] {base.py:73} INFO - Using connection ID '***_default' for task execution.
[2025-04-28T16:43:04.568+0000] {sql.py:374} INFO - Running statement: 
        INSERT INTO raw.air_quality (
            name, locality, timezone, is_mobile, is_monitor, instruments, sensors, bounds, distance,
            datetime_first, datetime_last, country_id, country_code, country_name,
            owner_id, owner_name, provider_id, provider_name, latitude, longitude,
            datetime_first_utc, datetime_first_local, datetime_last_utc, datetime_last_local
        ) VALUES (
            %(name)s, %(locality)s, %(timezone)s, %(is_mobile)s, %(is_monitor)s, %(instruments)s, %(sensors)s, %(bounds)s, %(distance)s,
            %(datetime_first)s, %(datetime_last)s, %(country_id)s, %(country_code)s, %(country_name)s,
            %(owner_id)s, %(owner_name)s, %(provider_id)s, %(provider_name)s, %(latitude)s, %(longitude)s,
            %(datetime_first_utc)s, %(datetime_first_local)s, %(datetime_last_utc)s, %(datetime_last_local)s
        )
    , parameters: {'name': 'JTA - Jamestown', 'locality': None, 'timezone': 'Africa/Accra', 'is_mobile': False, 'is_monitor': True, 'instruments': '[{"id": 2, "name": "Government Monitor"}]', 'sensors': '[{"id": 10, "name": "pm10 \\u00b5g/m\\u00b3", "parameter": {"id": 1, "name": "pm10", "units": "\\u00b5g/m\\u00b3", "display_name": "PM10"}}, {"id": 9, "name": "pm25 \\u00b5g/m\\u00b3", "parameter": {"id": 2, "name": "pm25", "units": "\\u00b5g/m\\u00b3", "display_name": "PM2.5"}}]', 'bounds': '[-0.2103972, 5.5401139, -0.2103972, 5.5401139]', 'distance': None, 'datetime_first': 'NaN', 'datetime_last': 'NaN', 'country_id': 152, 'country_code': 'GH', 'country_name': 'Ghana', 'owner_id': 4, 'owner_name': 'Unknown Governmental Organization', 'provider_id': 209, 'provider_name': 'Dr. Raphael E. Arku and Colleagues', 'latitude': 5.5401139, 'longitude': -0.2103972, 'datetime_first_utc': None, 'datetime_first_local': None, 'datetime_last_utc': None, 'datetime_last_local': None}
[2025-04-28T16:43:04.594+0000] {sql.py:383} INFO - Rows affected: 1
[2025-04-28T16:43:04.598+0000] {base.py:73} INFO - Using connection ID '***_default' for task execution.
[2025-04-28T16:43:04.618+0000] {sql.py:374} INFO - Running statement: 
        INSERT INTO raw.air_quality (
            name, locality, timezone, is_mobile, is_monitor, instruments, sensors, bounds, distance,
            datetime_first, datetime_last, country_id, country_code, country_name,
            owner_id, owner_name, provider_id, provider_name, latitude, longitude,
            datetime_first_utc, datetime_first_local, datetime_last_utc, datetime_last_local
        ) VALUES (
            %(name)s, %(locality)s, %(timezone)s, %(is_mobile)s, %(is_monitor)s, %(instruments)s, %(sensors)s, %(bounds)s, %(distance)s,
            %(datetime_first)s, %(datetime_last)s, %(country_id)s, %(country_code)s, %(country_name)s,
            %(owner_id)s, %(owner_name)s, %(provider_id)s, %(provider_name)s, %(latitude)s, %(longitude)s,
            %(datetime_first_utc)s, %(datetime_first_local)s, %(datetime_last_utc)s, %(datetime_last_local)s
        )
    , parameters: {'name': 'ADT - Asylum Down', 'locality': None, 'timezone': 'Africa/Accra', 'is_mobile': False, 'is_monitor': True, 'instruments': '[{"id": 2, "name": "Government Monitor"}]', 'sensors': '[{"id": 11, "name": "pm10 \\u00b5g/m\\u00b3", "parameter": {"id": 1, "name": "pm10", "units": "\\u00b5g/m\\u00b3", "display_name": "PM10"}}, {"id": 12, "name": "pm25 \\u00b5g/m\\u00b3", "parameter": {"id": 2, "name": "pm25", "units": "\\u00b5g/m\\u00b3", "display_name": "PM2.5"}}]', 'bounds': '[-0.2120555, 5.570722, -0.2120555, 5.570722]', 'distance': None, 'datetime_first': 'NaN', 'datetime_last': 'NaN', 'country_id': 152, 'country_code': 'GH', 'country_name': 'Ghana', 'owner_id': 4, 'owner_name': 'Unknown Governmental Organization', 'provider_id': 209, 'provider_name': 'Dr. Raphael E. Arku and Colleagues', 'latitude': 5.570722, 'longitude': -0.2120555, 'datetime_first_utc': None, 'datetime_first_local': None, 'datetime_last_utc': None, 'datetime_last_local': None}
[2025-04-28T16:43:04.644+0000] {sql.py:383} INFO - Rows affected: 1
[2025-04-28T16:43:04.647+0000] {base.py:73} INFO - Using connection ID '***_default' for task execution.
[2025-04-28T16:43:04.676+0000] {sql.py:374} INFO - Running statement: 
        INSERT INTO raw.air_quality (
            name, locality, timezone, is_mobile, is_monitor, instruments, sensors, bounds, distance,
            datetime_first, datetime_last, country_id, country_code, country_name,
            owner_id, owner_name, provider_id, provider_name, latitude, longitude,
            datetime_first_utc, datetime_first_local, datetime_last_utc, datetime_last_local
        ) VALUES (
            %(name)s, %(locality)s, %(timezone)s, %(is_mobile)s, %(is_monitor)s, %(instruments)s, %(sensors)s, %(bounds)s, %(distance)s,
            %(datetime_first)s, %(datetime_last)s, %(country_id)s, %(country_code)s, %(country_name)s,
            %(owner_id)s, %(owner_name)s, %(provider_id)s, %(provider_name)s, %(latitude)s, %(longitude)s,
            %(datetime_first_utc)s, %(datetime_first_local)s, %(datetime_last_utc)s, %(datetime_last_local)s
        )
    , parameters: {'name': 'ADEPA - Asylum Down', 'locality': None, 'timezone': 'Africa/Accra', 'is_mobile': False, 'is_monitor': True, 'instruments': '[{"id": 2, "name": "Government Monitor"}]', 'sensors': '[{"id": 14, "name": "pm10 \\u00b5g/m\\u00b3", "parameter": {"id": 1, "name": "pm10", "units": "\\u00b5g/m\\u00b3", "display_name": "PM10"}}, {"id": 13, "name": "pm25 \\u00b5g/m\\u00b3", "parameter": {"id": 2, "name": "pm25", "units": "\\u00b5g/m\\u00b3", "display_name": "PM2.5"}}]', 'bounds': '[-0.2040278, 5.567833, -0.2040278, 5.567833]', 'distance': None, 'datetime_first': 'NaN', 'datetime_last': 'NaN', 'country_id': 152, 'country_code': 'GH', 'country_name': 'Ghana', 'owner_id': 4, 'owner_name': 'Unknown Governmental Organization', 'provider_id': 209, 'provider_name': 'Dr. Raphael E. Arku and Colleagues', 'latitude': 5.567833, 'longitude': -0.2040278, 'datetime_first_utc': None, 'datetime_first_local': None, 'datetime_last_utc': None, 'datetime_last_local': None}
[2025-04-28T16:43:04.708+0000] {sql.py:383} INFO - Rows affected: 1
[2025-04-28T16:43:04.713+0000] {base.py:73} INFO - Using connection ID '***_default' for task execution.
[2025-04-28T16:43:04.735+0000] {sql.py:374} INFO - Running statement: 
        INSERT INTO raw.air_quality (
            name, locality, timezone, is_mobile, is_monitor, instruments, sensors, bounds, distance,
            datetime_first, datetime_last, country_id, country_code, country_name,
            owner_id, owner_name, provider_id, provider_name, latitude, longitude,
            datetime_first_utc, datetime_first_local, datetime_last_utc, datetime_last_local
        ) VALUES (
            %(name)s, %(locality)s, %(timezone)s, %(is_mobile)s, %(is_monitor)s, %(instruments)s, %(sensors)s, %(bounds)s, %(distance)s,
            %(datetime_first)s, %(datetime_last)s, %(country_id)s, %(country_code)s, %(country_name)s,
            %(owner_id)s, %(owner_name)s, %(provider_id)s, %(provider_name)s, %(latitude)s, %(longitude)s,
            %(datetime_first_utc)s, %(datetime_first_local)s, %(datetime_last_utc)s, %(datetime_last_local)s
        )
    , parameters: {'name': 'ADA - Asylum Down', 'locality': None, 'timezone': 'Africa/Accra', 'is_mobile': False, 'is_monitor': True, 'instruments': '[{"id": 2, "name": "Government Monitor"}]', 'sensors': '[{"id": 16, "name": "pm10 \\u00b5g/m\\u00b3", "parameter": {"id": 1, "name": "pm10", "units": "\\u00b5g/m\\u00b3", "display_name": "PM10"}}, {"id": 15, "name": "pm25 \\u00b5g/m\\u00b3", "parameter": {"id": 2, "name": "pm25", "units": "\\u00b5g/m\\u00b3", "display_name": "PM2.5"}}]', 'bounds': '[-0.2077778, 5.566722, -0.2077778, 5.566722]', 'distance': None, 'datetime_first': 'NaN', 'datetime_last': 'NaN', 'country_id': 152, 'country_code': 'GH', 'country_name': 'Ghana', 'owner_id': 4, 'owner_name': 'Unknown Governmental Organization', 'provider_id': 209, 'provider_name': 'Dr. Raphael E. Arku and Colleagues', 'latitude': 5.566722, 'longitude': -0.2077778, 'datetime_first_utc': None, 'datetime_first_local': None, 'datetime_last_utc': None, 'datetime_last_local': None}
[2025-04-28T16:43:04.763+0000] {sql.py:383} INFO - Rows affected: 1
[2025-04-28T16:43:04.767+0000] {base.py:73} INFO - Using connection ID '***_default' for task execution.
[2025-04-28T16:43:04.792+0000] {sql.py:374} INFO - Running statement: 
        INSERT INTO raw.air_quality (
            name, locality, timezone, is_mobile, is_monitor, instruments, sensors, bounds, distance,
            datetime_first, datetime_last, country_id, country_code, country_name,
            owner_id, owner_name, provider_id, provider_name, latitude, longitude,
            datetime_first_utc, datetime_first_local, datetime_last_utc, datetime_last_local
        ) VALUES (
            %(name)s, %(locality)s, %(timezone)s, %(is_mobile)s, %(is_monitor)s, %(instruments)s, %(sensors)s, %(bounds)s, %(distance)s,
            %(datetime_first)s, %(datetime_last)s, %(country_id)s, %(country_code)s, %(country_name)s,
            %(owner_id)s, %(owner_name)s, %(provider_id)s, %(provider_name)s, %(latitude)s, %(longitude)s,
            %(datetime_first_utc)s, %(datetime_first_local)s, %(datetime_last_utc)s, %(datetime_last_local)s
        )
    , parameters: {'name': 'ELC - East Legon', 'locality': None, 'timezone': 'Africa/Accra', 'is_mobile': False, 'is_monitor': True, 'instruments': '[{"id": 2, "name": "Government Monitor"}]', 'sensors': '[{"id": 17, "name": "pm10 \\u00b5g/m\\u00b3", "parameter": {"id": 1, "name": "pm10", "units": "\\u00b5g/m\\u00b3", "display_name": "PM10"}}, {"id": 18, "name": "pm25 \\u00b5g/m\\u00b3", "parameter": {"id": 2, "name": "pm25", "units": "\\u00b5g/m\\u00b3", "display_name": "PM2.5"}}]', 'bounds': '[-0.1651875, 5.6335571, -0.1651875, 5.6335571]', 'distance': None, 'datetime_first': 'NaN', 'datetime_last': 'NaN', 'country_id': 152, 'country_code': 'GH', 'country_name': 'Ghana', 'owner_id': 4, 'owner_name': 'Unknown Governmental Organization', 'provider_id': 209, 'provider_name': 'Dr. Raphael E. Arku and Colleagues', 'latitude': 5.6335571, 'longitude': -0.1651875, 'datetime_first_utc': None, 'datetime_first_local': None, 'datetime_last_utc': None, 'datetime_last_local': None}
[2025-04-28T16:43:04.825+0000] {sql.py:383} INFO - Rows affected: 1
[2025-04-28T16:43:04.829+0000] {base.py:73} INFO - Using connection ID '***_default' for task execution.
[2025-04-28T16:43:04.853+0000] {sql.py:374} INFO - Running statement: 
        INSERT INTO raw.air_quality (
            name, locality, timezone, is_mobile, is_monitor, instruments, sensors, bounds, distance,
            datetime_first, datetime_last, country_id, country_code, country_name,
            owner_id, owner_name, provider_id, provider_name, latitude, longitude,
            datetime_first_utc, datetime_first_local, datetime_last_utc, datetime_last_local
        ) VALUES (
            %(name)s, %(locality)s, %(timezone)s, %(is_mobile)s, %(is_monitor)s, %(instruments)s, %(sensors)s, %(bounds)s, %(distance)s,
            %(datetime_first)s, %(datetime_last)s, %(country_id)s, %(country_code)s, %(country_name)s,
            %(owner_id)s, %(owner_name)s, %(provider_id)s, %(provider_name)s, %(latitude)s, %(longitude)s,
            %(datetime_first_utc)s, %(datetime_first_local)s, %(datetime_last_utc)s, %(datetime_last_local)s
        )
    , parameters: {'name': 'ELT - East Legon', 'locality': None, 'timezone': 'Africa/Accra', 'is_mobile': False, 'is_monitor': True, 'instruments': '[{"id": 2, "name": "Government Monitor"}]', 'sensors': '[{"id": 20, "name": "pm10 \\u00b5g/m\\u00b3", "parameter": {"id": 1, "name": "pm10", "units": "\\u00b5g/m\\u00b3", "display_name": "PM10"}}, {"id": 19, "name": "pm25 \\u00b5g/m\\u00b3", "parameter": {"id": 2, "name": "pm25", "units": "\\u00b5g/m\\u00b3", "display_name": "PM2.5"}}]', 'bounds': '[-0.1695437, 5.6408995, -0.1695437, 5.6408995]', 'distance': None, 'datetime_first': 'NaN', 'datetime_last': 'NaN', 'country_id': 152, 'country_code': 'GH', 'country_name': 'Ghana', 'owner_id': 4, 'owner_name': 'Unknown Governmental Organization', 'provider_id': 209, 'provider_name': 'Dr. Raphael E. Arku and Colleagues', 'latitude': 5.6408995, 'longitude': -0.1695437, 'datetime_first_utc': None, 'datetime_first_local': None, 'datetime_last_utc': None, 'datetime_last_local': None}
[2025-04-28T16:43:04.879+0000] {sql.py:383} INFO - Rows affected: 1
[2025-04-28T16:43:04.883+0000] {base.py:73} INFO - Using connection ID '***_default' for task execution.
[2025-04-28T16:43:04.905+0000] {sql.py:374} INFO - Running statement: 
        INSERT INTO raw.air_quality (
            name, locality, timezone, is_mobile, is_monitor, instruments, sensors, bounds, distance,
            datetime_first, datetime_last, country_id, country_code, country_name,
            owner_id, owner_name, provider_id, provider_name, latitude, longitude,
            datetime_first_utc, datetime_first_local, datetime_last_utc, datetime_last_local
        ) VALUES (
            %(name)s, %(locality)s, %(timezone)s, %(is_mobile)s, %(is_monitor)s, %(instruments)s, %(sensors)s, %(bounds)s, %(distance)s,
            %(datetime_first)s, %(datetime_last)s, %(country_id)s, %(country_code)s, %(country_name)s,
            %(owner_id)s, %(owner_name)s, %(provider_id)s, %(provider_name)s, %(latitude)s, %(longitude)s,
            %(datetime_first_utc)s, %(datetime_first_local)s, %(datetime_last_utc)s, %(datetime_last_local)s
        )
    , parameters: {'name': 'ELA - East Legon', 'locality': None, 'timezone': 'Africa/Accra', 'is_mobile': False, 'is_monitor': True, 'instruments': '[{"id": 2, "name": "Government Monitor"}]', 'sensors': '[{"id": 22, "name": "pm10 \\u00b5g/m\\u00b3", "parameter": {"id": 1, "name": "pm10", "units": "\\u00b5g/m\\u00b3", "display_name": "PM10"}}, {"id": 21, "name": "pm25 \\u00b5g/m\\u00b3", "parameter": {"id": 2, "name": "pm25", "units": "\\u00b5g/m\\u00b3", "display_name": "PM2.5"}}]', 'bounds': '[-0.1579063, 5.6408137, -0.1579063, 5.6408137]', 'distance': None, 'datetime_first': 'NaN', 'datetime_last': 'NaN', 'country_id': 152, 'country_code': 'GH', 'country_name': 'Ghana', 'owner_id': 4, 'owner_name': 'Unknown Governmental Organization', 'provider_id': 209, 'provider_name': 'Dr. Raphael E. Arku and Colleagues', 'latitude': 5.6408137, 'longitude': -0.1579063, 'datetime_first_utc': None, 'datetime_first_local': None, 'datetime_last_utc': None, 'datetime_last_local': None}
[2025-04-28T16:43:04.931+0000] {sql.py:383} INFO - Rows affected: 1
[2025-04-28T16:43:04.935+0000] {base.py:73} INFO - Using connection ID '***_default' for task execution.
[2025-04-28T16:43:04.955+0000] {sql.py:374} INFO - Running statement: 
        INSERT INTO raw.air_quality (
            name, locality, timezone, is_mobile, is_monitor, instruments, sensors, bounds, distance,
            datetime_first, datetime_last, country_id, country_code, country_name,
            owner_id, owner_name, provider_id, provider_name, latitude, longitude,
            datetime_first_utc, datetime_first_local, datetime_last_utc, datetime_last_local
        ) VALUES (
            %(name)s, %(locality)s, %(timezone)s, %(is_mobile)s, %(is_monitor)s, %(instruments)s, %(sensors)s, %(bounds)s, %(distance)s,
            %(datetime_first)s, %(datetime_last)s, %(country_id)s, %(country_code)s, %(country_name)s,
            %(owner_id)s, %(owner_name)s, %(provider_id)s, %(provider_name)s, %(latitude)s, %(longitude)s,
            %(datetime_first_utc)s, %(datetime_first_local)s, %(datetime_last_utc)s, %(datetime_last_local)s
        )
    , parameters: {'name': 'US Diplomatic Post: Accra', 'locality': 'Accra', 'timezone': 'Africa/Accra', 'is_mobile': False, 'is_monitor': True, 'instruments': '[{"id": 2, "name": "Government Monitor"}]', 'sensors': '[{"id": 30469, "name": "pm25 \\u00b5g/m\\u00b3", "parameter": {"id": 2, "name": "pm25", "units": "\\u00b5g/m\\u00b3", "display_name": "PM2.5"}}]', 'bounds': '[-0.170699, 5.579447, -0.170699, 5.579447]', 'distance': None, 'datetime_first': 'NaN', 'datetime_last': 'NaN', 'country_id': 152, 'country_code': 'GH', 'country_name': 'Ghana', 'owner_id': 4, 'owner_name': 'Unknown Governmental Organization', 'provider_id': 234, 'provider_name': 'StateAir Accra', 'latitude': 5.579447, 'longitude': -0.170699, 'datetime_first_utc': '2020-05-01T01:00:00Z', 'datetime_first_local': '2020-05-01T01:00:00Z', 'datetime_last_utc': '2025-03-04T12:00:00Z', 'datetime_last_local': '2025-03-04T12:00:00Z'}
[2025-04-28T16:43:04.981+0000] {sql.py:383} INFO - Rows affected: 1
[2025-04-28T16:43:04.985+0000] {base.py:73} INFO - Using connection ID '***_default' for task execution.
[2025-04-28T16:43:05.006+0000] {sql.py:374} INFO - Running statement: 
        INSERT INTO raw.air_quality (
            name, locality, timezone, is_mobile, is_monitor, instruments, sensors, bounds, distance,
            datetime_first, datetime_last, country_id, country_code, country_name,
            owner_id, owner_name, provider_id, provider_name, latitude, longitude,
            datetime_first_utc, datetime_first_local, datetime_last_utc, datetime_last_local
        ) VALUES (
            %(name)s, %(locality)s, %(timezone)s, %(is_mobile)s, %(is_monitor)s, %(instruments)s, %(sensors)s, %(bounds)s, %(distance)s,
            %(datetime_first)s, %(datetime_last)s, %(country_id)s, %(country_code)s, %(country_name)s,
            %(owner_id)s, %(owner_name)s, %(provider_id)s, %(provider_name)s, %(latitude)s, %(longitude)s,
            %(datetime_first_utc)s, %(datetime_first_local)s, %(datetime_last_utc)s, %(datetime_last_local)s
        )
    , parameters: {'name': 'ARJWQ6WV', 'locality': None, 'timezone': 'Africa/Accra', 'is_mobile': False, 'is_monitor': False, 'instruments': '[{"id": 4, "name": "Clarity Sensor"}]', 'sensors': '[{"id": 2087978, "name": "no2 ppm", "parameter": {"id": 7, "name": "no2", "units": "ppm", "display_name": "NO\\u2082"}}, {"id": 2087971, "name": "pm1 \\u00b5g/m\\u00b3", "parameter": {"id": 19, "name": "pm1", "units": "\\u00b5g/m\\u00b3", "display_name": "PM1"}}, {"id": 2087966, "name": "pm10 \\u00b5g/m\\u00b3", "parameter": {"id": 1, "name": "pm10", "units": "\\u00b5g/m\\u00b3", "display_name": "PM10"}}, {"id": 2087968, "name": "pm25 \\u00b5g/m\\u00b3", "parameter": {"id": 2, "name": "pm25", "units": "\\u00b5g/m\\u00b3", "display_name": "PM2.5"}}, {"id": 5244148, "name": "temperature c", "parameter": {"id": 100, "name": "temperature", "units": "c", "display_name": "Temperature (C)"}}, {"id": 5244149, "name": "temperature f", "parameter": {"id": 128, "name": "temperature", "units": "f", "display_name": "Temperature (F)"}}]', 'bounds': '[-0.18585528584023492, 5.651068809036082, -0.18585528584023492, 5.651068809036082]', 'distance': None, 'datetime_first': 'NaN', 'datetime_last': 'NaN', 'country_id': 152, 'country_code': 'GH', 'country_name': 'Ghana', 'owner_id': 6, 'owner_name': 'Unknown Community Organization', 'provider_id': 166, 'provider_name': 'Clarity', 'latitude': 5.651068809036082, 'longitude': -0.18585528584023492, 'datetime_first_utc': '2022-10-20T00:02:16Z', 'datetime_first_local': '2022-10-20T00:02:16Z', 'datetime_last_utc': '2023-09-15T23:05:19Z', 'datetime_last_local': '2023-09-15T23:05:19Z'}
[2025-04-28T16:43:05.032+0000] {sql.py:383} INFO - Rows affected: 1
[2025-04-28T16:43:05.035+0000] {base.py:73} INFO - Using connection ID '***_default' for task execution.
[2025-04-28T16:43:05.056+0000] {sql.py:374} INFO - Running statement: 
        INSERT INTO raw.air_quality (
            name, locality, timezone, is_mobile, is_monitor, instruments, sensors, bounds, distance,
            datetime_first, datetime_last, country_id, country_code, country_name,
            owner_id, owner_name, provider_id, provider_name, latitude, longitude,
            datetime_first_utc, datetime_first_local, datetime_last_utc, datetime_last_local
        ) VALUES (
            %(name)s, %(locality)s, %(timezone)s, %(is_mobile)s, %(is_monitor)s, %(instruments)s, %(sensors)s, %(bounds)s, %(distance)s,
            %(datetime_first)s, %(datetime_last)s, %(country_id)s, %(country_code)s, %(country_name)s,
            %(owner_id)s, %(owner_name)s, %(provider_id)s, %(provider_name)s, %(latitude)s, %(longitude)s,
            %(datetime_first_utc)s, %(datetime_first_local)s, %(datetime_last_utc)s, %(datetime_last_local)s
        )
    , parameters: {'name': 'ANHLHLNJ', 'locality': None, 'timezone': 'Africa/Accra', 'is_mobile': False, 'is_monitor': False, 'instruments': '[{"id": 4, "name": "Clarity Sensor"}]', 'sensors': '[{"id": 2087876, "name": "no2 ppm", "parameter": {"id": 7, "name": "no2", "units": "ppm", "display_name": "NO\\u2082"}}, {"id": 2087894, "name": "pm1 \\u00b5g/m\\u00b3", "parameter": {"id": 19, "name": "pm1", "units": "\\u00b5g/m\\u00b3", "display_name": "PM1"}}, {"id": 2087888, "name": "pm10 \\u00b5g/m\\u00b3", "parameter": {"id": 1, "name": "pm10", "units": "\\u00b5g/m\\u00b3", "display_name": "PM10"}}, {"id": 2087893, "name": "pm25 \\u00b5g/m\\u00b3", "parameter": {"id": 2, "name": "pm25", "units": "\\u00b5g/m\\u00b3", "display_name": "PM2.5"}}, {"id": 5244155, "name": "temperature f", "parameter": {"id": 128, "name": "temperature", "units": "f", "display_name": "Temperature (F)"}}, {"id": 5244154, "name": "temperature c", "parameter": {"id": 100, "name": "temperature", "units": "c", "display_name": "Temperature (C)"}}]', 'bounds': '[-0.18585528584023492, 5.651068809036082, -0.18585528584023492, 5.651068809036082]', 'distance': None, 'datetime_first': 'NaN', 'datetime_last': 'NaN', 'country_id': 152, 'country_code': 'GH', 'country_name': 'Ghana', 'owner_id': 6, 'owner_name': 'Unknown Community Organization', 'provider_id': 166, 'provider_name': 'Clarity', 'latitude': 5.651068809036082, 'longitude': -0.18585528584023492, 'datetime_first_utc': '2022-10-20T00:01:31Z', 'datetime_first_local': '2022-10-20T00:01:31Z', 'datetime_last_utc': '2023-09-15T23:02:01Z', 'datetime_last_local': '2023-09-15T23:02:01Z'}
[2025-04-28T16:43:05.083+0000] {sql.py:383} INFO - Rows affected: 1
[2025-04-28T16:43:05.086+0000] {base.py:73} INFO - Using connection ID '***_default' for task execution.
[2025-04-28T16:43:05.107+0000] {sql.py:374} INFO - Running statement: 
        INSERT INTO raw.air_quality (
            name, locality, timezone, is_mobile, is_monitor, instruments, sensors, bounds, distance,
            datetime_first, datetime_last, country_id, country_code, country_name,
            owner_id, owner_name, provider_id, provider_name, latitude, longitude,
            datetime_first_utc, datetime_first_local, datetime_last_utc, datetime_last_local
        ) VALUES (
            %(name)s, %(locality)s, %(timezone)s, %(is_mobile)s, %(is_monitor)s, %(instruments)s, %(sensors)s, %(bounds)s, %(distance)s,
            %(datetime_first)s, %(datetime_last)s, %(country_id)s, %(country_code)s, %(country_name)s,
            %(owner_id)s, %(owner_name)s, %(provider_id)s, %(provider_name)s, %(latitude)s, %(longitude)s,
            %(datetime_first_utc)s, %(datetime_first_local)s, %(datetime_last_utc)s, %(datetime_last_local)s
        )
    , parameters: {'name': 'Physics Department-UG-Accra/CAOA-UESD', 'locality': None, 'timezone': 'Africa/Accra', 'is_mobile': False, 'is_monitor': False, 'instruments': '[{"id": 7, "name": "AirGradient Sensor"}]', 'sensors': '[{"id": 9179775, "name": "pm1 \\u00b5g/m\\u00b3", "parameter": {"id": 19, "name": "pm1", "units": "\\u00b5g/m\\u00b3", "display_name": "PM1"}}, {"id": 9179777, "name": "pm10 \\u00b5g/m\\u00b3", "parameter": {"id": 1, "name": "pm10", "units": "\\u00b5g/m\\u00b3", "display_name": "PM10"}}, {"id": 6530278, "name": "pm25 \\u00b5g/m\\u00b3", "parameter": {"id": 2, "name": "pm25", "units": "\\u00b5g/m\\u00b3", "display_name": "PM2.5"}}, {"id": 9179767, "name": "relativehumidity %", "parameter": {"id": 98, "name": "relativehumidity", "units": "%", "display_name": "RH"}}, {"id": 6530272, "name": "temperature c", "parameter": {"id": 100, "name": "temperature", "units": "c", "display_name": "Temperature (C)"}}, {"id": 9179771, "name": "um003 particles/cm\\u00b3", "parameter": {"id": 125, "name": "um003", "units": "particles/cm\\u00b3", "display_name": "PM0.3 count"}}]', 'bounds': '[-0.186, 5.651, -0.186, 5.651]', 'distance': None, 'datetime_first': 'NaN', 'datetime_last': 'NaN', 'country_id': 152, 'country_code': 'GH', 'country_name': 'Ghana', 'owner_id': 4, 'owner_name': 'Unknown Governmental Organization', 'provider_id': 66, 'provider_name': 'AirGradient', 'latitude': 5.651, 'longitude': -0.186, 'datetime_first_utc': '2023-07-15T13:00:00Z', 'datetime_first_local': '2023-07-15T13:00:00Z', 'datetime_last_utc': '2025-04-28T16:00:00Z', 'datetime_last_local': '2025-04-28T16:00:00Z'}
[2025-04-28T16:43:05.132+0000] {sql.py:383} INFO - Rows affected: 1
[2025-04-28T16:43:05.136+0000] {base.py:73} INFO - Using connection ID '***_default' for task execution.
[2025-04-28T16:43:05.156+0000] {sql.py:374} INFO - Running statement: 
        INSERT INTO raw.air_quality (
            name, locality, timezone, is_mobile, is_monitor, instruments, sensors, bounds, distance,
            datetime_first, datetime_last, country_id, country_code, country_name,
            owner_id, owner_name, provider_id, provider_name, latitude, longitude,
            datetime_first_utc, datetime_first_local, datetime_last_utc, datetime_last_local
        ) VALUES (
            %(name)s, %(locality)s, %(timezone)s, %(is_mobile)s, %(is_monitor)s, %(instruments)s, %(sensors)s, %(bounds)s, %(distance)s,
            %(datetime_first)s, %(datetime_last)s, %(country_id)s, %(country_code)s, %(country_name)s,
            %(owner_id)s, %(owner_name)s, %(provider_id)s, %(provider_name)s, %(latitude)s, %(longitude)s,
            %(datetime_first_utc)s, %(datetime_first_local)s, %(datetime_last_utc)s, %(datetime_last_local)s
        )
    , parameters: {'name': 'Afri-SET', 'locality': None, 'timezone': 'Africa/Accra', 'is_mobile': False, 'is_monitor': False, 'instruments': '[{"id": 7, "name": "AirGradient Sensor"}, {"id": 7, "name": "AirGradient Sensor"}]', 'sensors': '[{"id": 7979564, "name": "pm1 \\u00b5g/m\\u00b3", "parameter": {"id": 19, "name": "pm1", "units": "\\u00b5g/m\\u00b3", "display_name": "PM1"}}, {"id": 7971323, "name": "pm1 \\u00b5g/m\\u00b3", "parameter": {"id": 19, "name": "pm1", "units": "\\u00b5g/m\\u00b3", "display_name": "PM1"}}, {"id": 7971348, "name": "pm10 \\u00b5g/m\\u00b3", "parameter": {"id": 1, "name": "pm10", "units": "\\u00b5g/m\\u00b3", "display_name": "PM10"}}, {"id": 7979610, "name": "pm10 \\u00b5g/m\\u00b3", "parameter": {"id": 1, "name": "pm10", "units": "\\u00b5g/m\\u00b3", "display_name": "PM10"}}, {"id": 7897442, "name": "pm25 \\u00b5g/m\\u00b3", "parameter": {"id": 2, "name": "pm25", "units": "\\u00b5g/m\\u00b3", "display_name": "PM2.5"}}, {"id": 7972618, "name": "relativehumidity %", "parameter": {"id": 98, "name": "relativehumidity", "units": "%", "display_name": "RH"}}, {"id": 7897449, "name": "temperature c", "parameter": {"id": 100, "name": "temperature", "units": "c", "display_name": "Temperature (C)"}}, {"id": 7972611, "name": "um003 particles/cm\\u00b3", "parameter": {"id": 125, "name": "um003", "units": "particles/cm\\u00b3", "display_name": "PM0.3 count"}}]', 'bounds': '[-0.18587458123045222, 5.653842319123899, -0.18587458123045222, 5.653842319123899]', 'distance': None, 'datetime_first': 'NaN', 'datetime_last': 'NaN', 'country_id': 152, 'country_code': 'GH', 'country_name': 'Ghana', 'owner_id': 11509, 'owner_name': 'Unknown Person', 'provider_id': 66, 'provider_name': 'AirGradient', 'latitude': 5.653842319123899, 'longitude': -0.18587458123045222, 'datetime_first_utc': '2024-02-20T14:00:00Z', 'datetime_first_local': '2024-02-20T14:00:00Z', 'datetime_last_utc': '2025-04-28T16:00:00Z', 'datetime_last_local': '2025-04-28T16:00:00Z'}
[2025-04-28T16:43:05.182+0000] {sql.py:383} INFO - Rows affected: 1
[2025-04-28T16:43:05.185+0000] {base.py:73} INFO - Using connection ID '***_default' for task execution.
[2025-04-28T16:43:05.209+0000] {sql.py:374} INFO - Running statement: 
        INSERT INTO raw.air_quality (
            name, locality, timezone, is_mobile, is_monitor, instruments, sensors, bounds, distance,
            datetime_first, datetime_last, country_id, country_code, country_name,
            owner_id, owner_name, provider_id, provider_name, latitude, longitude,
            datetime_first_utc, datetime_first_local, datetime_last_utc, datetime_last_local
        ) VALUES (
            %(name)s, %(locality)s, %(timezone)s, %(is_mobile)s, %(is_monitor)s, %(instruments)s, %(sensors)s, %(bounds)s, %(distance)s,
            %(datetime_first)s, %(datetime_last)s, %(country_id)s, %(country_code)s, %(country_name)s,
            %(owner_id)s, %(owner_name)s, %(provider_id)s, %(provider_name)s, %(latitude)s, %(longitude)s,
            %(datetime_first_utc)s, %(datetime_first_local)s, %(datetime_last_utc)s, %(datetime_last_local)s
        )
    , parameters: {'name': 'Afri-SET', 'locality': None, 'timezone': 'Africa/Accra', 'is_mobile': False, 'is_monitor': False, 'instruments': '[{"id": 7, "name": "AirGradient Sensor"}, {"id": 7, "name": "AirGradient Sensor"}]', 'sensors': '[{"id": 7971074, "name": "pm1 \\u00b5g/m\\u00b3", "parameter": {"id": 19, "name": "pm1", "units": "\\u00b5g/m\\u00b3", "display_name": "PM1"}}, {"id": 7979656, "name": "pm1 \\u00b5g/m\\u00b3", "parameter": {"id": 19, "name": "pm1", "units": "\\u00b5g/m\\u00b3", "display_name": "PM1"}}, {"id": 7979625, "name": "pm10 \\u00b5g/m\\u00b3", "parameter": {"id": 1, "name": "pm10", "units": "\\u00b5g/m\\u00b3", "display_name": "PM10"}}, {"id": 7971325, "name": "pm10 \\u00b5g/m\\u00b3", "parameter": {"id": 1, "name": "pm10", "units": "\\u00b5g/m\\u00b3", "display_name": "PM10"}}, {"id": 7897459, "name": "pm25 \\u00b5g/m\\u00b3", "parameter": {"id": 2, "name": "pm25", "units": "\\u00b5g/m\\u00b3", "display_name": "PM2.5"}}, {"id": 7972654, "name": "relativehumidity %", "parameter": {"id": 98, "name": "relativehumidity", "units": "%", "display_name": "RH"}}, {"id": 7897458, "name": "temperature c", "parameter": {"id": 100, "name": "temperature", "units": "c", "display_name": "Temperature (C)"}}, {"id": 7972658, "name": "um003 particles/cm\\u00b3", "parameter": {"id": 125, "name": "um003", "units": "particles/cm\\u00b3", "display_name": "PM0.3 count"}}]', 'bounds': '[-0.18587458123045222, 5.653842319123899, -0.18587458123045222, 5.653842319123899]', 'distance': None, 'datetime_first': 'NaN', 'datetime_last': 'NaN', 'country_id': 152, 'country_code': 'GH', 'country_name': 'Ghana', 'owner_id': 11509, 'owner_name': 'Unknown Person', 'provider_id': 66, 'provider_name': 'AirGradient', 'latitude': 5.653842319123899, 'longitude': -0.18587458123045222, 'datetime_first_utc': '2024-02-20T14:00:00Z', 'datetime_first_local': '2024-02-20T14:00:00Z', 'datetime_last_utc': '2025-04-28T16:00:00Z', 'datetime_last_local': '2025-04-28T16:00:00Z'}
[2025-04-28T16:43:05.238+0000] {sql.py:383} INFO - Rows affected: 1
[2025-04-28T16:43:05.242+0000] {base.py:73} INFO - Using connection ID '***_default' for task execution.
[2025-04-28T16:43:05.265+0000] {sql.py:374} INFO - Running statement: 
        INSERT INTO raw.air_quality (
            name, locality, timezone, is_mobile, is_monitor, instruments, sensors, bounds, distance,
            datetime_first, datetime_last, country_id, country_code, country_name,
            owner_id, owner_name, provider_id, provider_name, latitude, longitude,
            datetime_first_utc, datetime_first_local, datetime_last_utc, datetime_last_local
        ) VALUES (
            %(name)s, %(locality)s, %(timezone)s, %(is_mobile)s, %(is_monitor)s, %(instruments)s, %(sensors)s, %(bounds)s, %(distance)s,
            %(datetime_first)s, %(datetime_last)s, %(country_id)s, %(country_code)s, %(country_name)s,
            %(owner_id)s, %(owner_name)s, %(provider_id)s, %(provider_name)s, %(latitude)s, %(longitude)s,
            %(datetime_first_utc)s, %(datetime_first_local)s, %(datetime_last_utc)s, %(datetime_last_local)s
        )
    , parameters: {'name': 'Afri-SET', 'locality': None, 'timezone': 'Africa/Accra', 'is_mobile': False, 'is_monitor': False, 'instruments': '[{"id": 7, "name": "AirGradient Sensor"}, {"id": 7, "name": "AirGradient Sensor"}]', 'sensors': '[{"id": 7979661, "name": "pm1 \\u00b5g/m\\u00b3", "parameter": {"id": 19, "name": "pm1", "units": "\\u00b5g/m\\u00b3", "display_name": "PM1"}}, {"id": 7971355, "name": "pm1 \\u00b5g/m\\u00b3", "parameter": {"id": 19, "name": "pm1", "units": "\\u00b5g/m\\u00b3", "display_name": "PM1"}}, {"id": 7979615, "name": "pm10 \\u00b5g/m\\u00b3", "parameter": {"id": 1, "name": "pm10", "units": "\\u00b5g/m\\u00b3", "display_name": "PM10"}}, {"id": 7971309, "name": "pm10 \\u00b5g/m\\u00b3", "parameter": {"id": 1, "name": "pm10", "units": "\\u00b5g/m\\u00b3", "display_name": "PM10"}}, {"id": 7897457, "name": "pm25 \\u00b5g/m\\u00b3", "parameter": {"id": 2, "name": "pm25", "units": "\\u00b5g/m\\u00b3", "display_name": "PM2.5"}}, {"id": 7972621, "name": "relativehumidity %", "parameter": {"id": 98, "name": "relativehumidity", "units": "%", "display_name": "RH"}}, {"id": 7897455, "name": "temperature c", "parameter": {"id": 100, "name": "temperature", "units": "c", "display_name": "Temperature (C)"}}, {"id": 7972657, "name": "um003 particles/cm\\u00b3", "parameter": {"id": 125, "name": "um003", "units": "particles/cm\\u00b3", "display_name": "PM0.3 count"}}]', 'bounds': '[-0.18587458123045222, 5.653842319123899, -0.18587458123045222, 5.653842319123899]', 'distance': None, 'datetime_first': 'NaN', 'datetime_last': 'NaN', 'country_id': 152, 'country_code': 'GH', 'country_name': 'Ghana', 'owner_id': 11509, 'owner_name': 'Unknown Person', 'provider_id': 66, 'provider_name': 'AirGradient', 'latitude': 5.653842319123899, 'longitude': -0.18587458123045222, 'datetime_first_utc': '2024-02-20T14:00:00Z', 'datetime_first_local': '2024-02-20T14:00:00Z', 'datetime_last_utc': '2025-04-28T16:00:00Z', 'datetime_last_local': '2025-04-28T16:00:00Z'}
[2025-04-28T16:43:05.291+0000] {sql.py:383} INFO - Rows affected: 1
[2025-04-28T16:43:05.295+0000] {base.py:73} INFO - Using connection ID '***_default' for task execution.
[2025-04-28T16:43:05.315+0000] {sql.py:374} INFO - Running statement: 
        INSERT INTO raw.air_quality (
            name, locality, timezone, is_mobile, is_monitor, instruments, sensors, bounds, distance,
            datetime_first, datetime_last, country_id, country_code, country_name,
            owner_id, owner_name, provider_id, provider_name, latitude, longitude,
            datetime_first_utc, datetime_first_local, datetime_last_utc, datetime_last_local
        ) VALUES (
            %(name)s, %(locality)s, %(timezone)s, %(is_mobile)s, %(is_monitor)s, %(instruments)s, %(sensors)s, %(bounds)s, %(distance)s,
            %(datetime_first)s, %(datetime_last)s, %(country_id)s, %(country_code)s, %(country_name)s,
            %(owner_id)s, %(owner_name)s, %(provider_id)s, %(provider_name)s, %(latitude)s, %(longitude)s,
            %(datetime_first_utc)s, %(datetime_first_local)s, %(datetime_last_utc)s, %(datetime_last_local)s
        )
    , parameters: {'name': 'Dansoman Roundabout', 'locality': None, 'timezone': 'Africa/Accra', 'is_mobile': False, 'is_monitor': False, 'instruments': '[{"id": 4, "name": "Clarity Sensor"}]', 'sensors': '[{"id": 10330991, "name": "pm25 \\u00b5g/m\\u00b3", "parameter": {"id": 2, "name": "pm25", "units": "\\u00b5g/m\\u00b3", "display_name": "PM2.5"}}]', 'bounds': '[-0.26448, 5.55851, -0.26448, 5.55851]', 'distance': None, 'datetime_first': 'NaN', 'datetime_last': 'NaN', 'country_id': 152, 'country_code': 'GH', 'country_name': 'Ghana', 'owner_id': 9, 'owner_name': 'Clarity', 'provider_id': 166, 'provider_name': 'Clarity', 'latitude': 5.55851, 'longitude': -0.26448, 'datetime_first_utc': '2024-08-20T17:15:51Z', 'datetime_first_local': '2024-08-20T17:15:51Z', 'datetime_last_utc': '2025-04-28T15:52:13Z', 'datetime_last_local': '2025-04-28T15:52:13Z'}
[2025-04-28T16:43:05.342+0000] {sql.py:383} INFO - Rows affected: 1
[2025-04-28T16:43:05.345+0000] {base.py:73} INFO - Using connection ID '***_default' for task execution.
[2025-04-28T16:43:05.366+0000] {sql.py:374} INFO - Running statement: 
        INSERT INTO raw.air_quality (
            name, locality, timezone, is_mobile, is_monitor, instruments, sensors, bounds, distance,
            datetime_first, datetime_last, country_id, country_code, country_name,
            owner_id, owner_name, provider_id, provider_name, latitude, longitude,
            datetime_first_utc, datetime_first_local, datetime_last_utc, datetime_last_local
        ) VALUES (
            %(name)s, %(locality)s, %(timezone)s, %(is_mobile)s, %(is_monitor)s, %(instruments)s, %(sensors)s, %(bounds)s, %(distance)s,
            %(datetime_first)s, %(datetime_last)s, %(country_id)s, %(country_code)s, %(country_name)s,
            %(owner_id)s, %(owner_name)s, %(provider_id)s, %(provider_name)s, %(latitude)s, %(longitude)s,
            %(datetime_first_utc)s, %(datetime_first_local)s, %(datetime_last_utc)s, %(datetime_last_local)s
        )
    , parameters: {'name': 'Kwashieman Presby Church', 'locality': None, 'timezone': 'Africa/Accra', 'is_mobile': False, 'is_monitor': False, 'instruments': '[{"id": 4, "name": "Clarity Sensor"}]', 'sensors': '[{"id": 10331000, "name": "pm25 \\u00b5g/m\\u00b3", "parameter": {"id": 2, "name": "pm25", "units": "\\u00b5g/m\\u00b3", "display_name": "PM2.5"}}]', 'bounds': '[-0.26877, 5.59389, -0.26877, 5.59389]', 'distance': None, 'datetime_first': 'NaN', 'datetime_last': 'NaN', 'country_id': 152, 'country_code': 'GH', 'country_name': 'Ghana', 'owner_id': 9, 'owner_name': 'Clarity', 'provider_id': 166, 'provider_name': 'Clarity', 'latitude': 5.59389, 'longitude': -0.26877, 'datetime_first_utc': '2024-08-20T17:04:07Z', 'datetime_first_local': '2024-08-20T17:04:07Z', 'datetime_last_utc': '2025-04-28T16:04:00Z', 'datetime_last_local': '2025-04-28T16:04:00Z'}
[2025-04-28T16:43:05.391+0000] {sql.py:383} INFO - Rows affected: 1
[2025-04-28T16:43:05.395+0000] {base.py:73} INFO - Using connection ID '***_default' for task execution.
[2025-04-28T16:43:05.420+0000] {sql.py:374} INFO - Running statement: 
        INSERT INTO raw.air_quality (
            name, locality, timezone, is_mobile, is_monitor, instruments, sensors, bounds, distance,
            datetime_first, datetime_last, country_id, country_code, country_name,
            owner_id, owner_name, provider_id, provider_name, latitude, longitude,
            datetime_first_utc, datetime_first_local, datetime_last_utc, datetime_last_local
        ) VALUES (
            %(name)s, %(locality)s, %(timezone)s, %(is_mobile)s, %(is_monitor)s, %(instruments)s, %(sensors)s, %(bounds)s, %(distance)s,
            %(datetime_first)s, %(datetime_last)s, %(country_id)s, %(country_code)s, %(country_name)s,
            %(owner_id)s, %(owner_name)s, %(provider_id)s, %(provider_name)s, %(latitude)s, %(longitude)s,
            %(datetime_first_utc)s, %(datetime_first_local)s, %(datetime_last_utc)s, %(datetime_last_local)s
        )
    , parameters: {'name': 'West Hills Mall', 'locality': None, 'timezone': 'Africa/Accra', 'is_mobile': False, 'is_monitor': False, 'instruments': '[{"id": 4, "name": "Clarity Sensor"}]', 'sensors': '[{"id": 10330999, "name": "pm25 \\u00b5g/m\\u00b3", "parameter": {"id": 2, "name": "pm25", "units": "\\u00b5g/m\\u00b3", "display_name": "PM2.5"}}]', 'bounds': '[-0.34229, 5.54579, -0.34229, 5.54579]', 'distance': None, 'datetime_first': 'NaN', 'datetime_last': 'NaN', 'country_id': 152, 'country_code': 'GH', 'country_name': 'Ghana', 'owner_id': 9, 'owner_name': 'Clarity', 'provider_id': 166, 'provider_name': 'Clarity', 'latitude': 5.54579, 'longitude': -0.34229, 'datetime_first_utc': '2024-08-20T17:02:44Z', 'datetime_first_local': '2024-08-20T17:02:44Z', 'datetime_last_utc': '2025-04-28T16:04:48Z', 'datetime_last_local': '2025-04-28T16:04:48Z'}
[2025-04-28T16:43:05.448+0000] {sql.py:383} INFO - Rows affected: 1
[2025-04-28T16:43:05.452+0000] {base.py:73} INFO - Using connection ID '***_default' for task execution.
[2025-04-28T16:43:05.476+0000] {sql.py:374} INFO - Running statement: 
        INSERT INTO raw.air_quality (
            name, locality, timezone, is_mobile, is_monitor, instruments, sensors, bounds, distance,
            datetime_first, datetime_last, country_id, country_code, country_name,
            owner_id, owner_name, provider_id, provider_name, latitude, longitude,
            datetime_first_utc, datetime_first_local, datetime_last_utc, datetime_last_local
        ) VALUES (
            %(name)s, %(locality)s, %(timezone)s, %(is_mobile)s, %(is_monitor)s, %(instruments)s, %(sensors)s, %(bounds)s, %(distance)s,
            %(datetime_first)s, %(datetime_last)s, %(country_id)s, %(country_code)s, %(country_name)s,
            %(owner_id)s, %(owner_name)s, %(provider_id)s, %(provider_name)s, %(latitude)s, %(longitude)s,
            %(datetime_first_utc)s, %(datetime_first_local)s, %(datetime_last_utc)s, %(datetime_last_local)s
        )
    , parameters: {'name': 'Ashaley Botwe School Junction', 'locality': None, 'timezone': 'Africa/Accra', 'is_mobile': False, 'is_monitor': False, 'instruments': '[{"id": 4, "name": "Clarity Sensor"}]', 'sensors': '[{"id": 10330997, "name": "pm25 \\u00b5g/m\\u00b3", "parameter": {"id": 2, "name": "pm25", "units": "\\u00b5g/m\\u00b3", "display_name": "PM2.5"}}]', 'bounds': '[-0.12412, 5.67614, -0.12412, 5.67614]', 'distance': None, 'datetime_first': 'NaN', 'datetime_last': 'NaN', 'country_id': 152, 'country_code': 'GH', 'country_name': 'Ghana', 'owner_id': 9, 'owner_name': 'Clarity', 'provider_id': 166, 'provider_name': 'Clarity', 'latitude': 5.67614, 'longitude': -0.12412, 'datetime_first_utc': '2024-08-20T17:02:27Z', 'datetime_first_local': '2024-08-20T17:02:27Z', 'datetime_last_utc': '2025-04-28T16:05:20Z', 'datetime_last_local': '2025-04-28T16:05:20Z'}
[2025-04-28T16:43:05.505+0000] {sql.py:383} INFO - Rows affected: 1
[2025-04-28T16:43:05.511+0000] {base.py:73} INFO - Using connection ID '***_default' for task execution.
[2025-04-28T16:43:05.544+0000] {sql.py:374} INFO - Running statement: 
        INSERT INTO raw.air_quality (
            name, locality, timezone, is_mobile, is_monitor, instruments, sensors, bounds, distance,
            datetime_first, datetime_last, country_id, country_code, country_name,
            owner_id, owner_name, provider_id, provider_name, latitude, longitude,
            datetime_first_utc, datetime_first_local, datetime_last_utc, datetime_last_local
        ) VALUES (
            %(name)s, %(locality)s, %(timezone)s, %(is_mobile)s, %(is_monitor)s, %(instruments)s, %(sensors)s, %(bounds)s, %(distance)s,
            %(datetime_first)s, %(datetime_last)s, %(country_id)s, %(country_code)s, %(country_name)s,
            %(owner_id)s, %(owner_name)s, %(provider_id)s, %(provider_name)s, %(latitude)s, %(longitude)s,
            %(datetime_first_utc)s, %(datetime_first_local)s, %(datetime_last_utc)s, %(datetime_last_local)s
        )
    , parameters: {'name': '37 Lorry Station', 'locality': None, 'timezone': 'Africa/Accra', 'is_mobile': False, 'is_monitor': False, 'instruments': '[{"id": 4, "name": "Clarity Sensor"}]', 'sensors': '[{"id": 10330996, "name": "pm25 \\u00b5g/m\\u00b3", "parameter": {"id": 2, "name": "pm25", "units": "\\u00b5g/m\\u00b3", "display_name": "PM2.5"}}]', 'bounds': '[-0.17964, 5.58892, -0.17964, 5.58892]', 'distance': None, 'datetime_first': 'NaN', 'datetime_last': 'NaN', 'country_id': 152, 'country_code': 'GH', 'country_name': 'Ghana', 'owner_id': 9, 'owner_name': 'Clarity', 'provider_id': 166, 'provider_name': 'Clarity', 'latitude': 5.58892, 'longitude': -0.17964, 'datetime_first_utc': '2024-08-20T17:03:20Z', 'datetime_first_local': '2024-08-20T17:03:20Z', 'datetime_last_utc': '2025-04-28T16:05:36Z', 'datetime_last_local': '2025-04-28T16:05:36Z'}
[2025-04-28T16:43:05.573+0000] {sql.py:383} INFO - Rows affected: 1
[2025-04-28T16:43:05.578+0000] {base.py:73} INFO - Using connection ID '***_default' for task execution.
[2025-04-28T16:43:05.600+0000] {sql.py:374} INFO - Running statement: 
        INSERT INTO raw.air_quality (
            name, locality, timezone, is_mobile, is_monitor, instruments, sensors, bounds, distance,
            datetime_first, datetime_last, country_id, country_code, country_name,
            owner_id, owner_name, provider_id, provider_name, latitude, longitude,
            datetime_first_utc, datetime_first_local, datetime_last_utc, datetime_last_local
        ) VALUES (
            %(name)s, %(locality)s, %(timezone)s, %(is_mobile)s, %(is_monitor)s, %(instruments)s, %(sensors)s, %(bounds)s, %(distance)s,
            %(datetime_first)s, %(datetime_last)s, %(country_id)s, %(country_code)s, %(country_name)s,
            %(owner_id)s, %(owner_name)s, %(provider_id)s, %(provider_name)s, %(latitude)s, %(longitude)s,
            %(datetime_first_utc)s, %(datetime_first_local)s, %(datetime_last_utc)s, %(datetime_last_local)s
        )
    , parameters: {'name': 'Graphic Road', 'locality': None, 'timezone': 'Africa/Accra', 'is_mobile': False, 'is_monitor': False, 'instruments': '[{"id": 4, "name": "Clarity Sensor"}]', 'sensors': '[{"id": 10331004, "name": "pm25 \\u00b5g/m\\u00b3", "parameter": {"id": 2, "name": "pm25", "units": "\\u00b5g/m\\u00b3", "display_name": "PM2.5"}}]', 'bounds': '[-0.22526, 5.55895, -0.22526, 5.55895]', 'distance': None, 'datetime_first': 'NaN', 'datetime_last': 'NaN', 'country_id': 152, 'country_code': 'GH', 'country_name': 'Ghana', 'owner_id': 9, 'owner_name': 'Clarity', 'provider_id': 166, 'provider_name': 'Clarity', 'latitude': 5.55895, 'longitude': -0.22526, 'datetime_first_utc': '2024-08-20T17:11:21Z', 'datetime_first_local': '2024-08-20T17:11:21Z', 'datetime_last_utc': '2025-04-28T16:04:13Z', 'datetime_last_local': '2025-04-28T16:04:13Z'}
[2025-04-28T16:43:05.626+0000] {sql.py:383} INFO - Rows affected: 1
[2025-04-28T16:43:05.630+0000] {base.py:73} INFO - Using connection ID '***_default' for task execution.
[2025-04-28T16:43:05.650+0000] {sql.py:374} INFO - Running statement: 
        INSERT INTO raw.air_quality (
            name, locality, timezone, is_mobile, is_monitor, instruments, sensors, bounds, distance,
            datetime_first, datetime_last, country_id, country_code, country_name,
            owner_id, owner_name, provider_id, provider_name, latitude, longitude,
            datetime_first_utc, datetime_first_local, datetime_last_utc, datetime_last_local
        ) VALUES (
            %(name)s, %(locality)s, %(timezone)s, %(is_mobile)s, %(is_monitor)s, %(instruments)s, %(sensors)s, %(bounds)s, %(distance)s,
            %(datetime_first)s, %(datetime_last)s, %(country_id)s, %(country_code)s, %(country_name)s,
            %(owner_id)s, %(owner_name)s, %(provider_id)s, %(provider_name)s, %(latitude)s, %(longitude)s,
            %(datetime_first_utc)s, %(datetime_first_local)s, %(datetime_last_utc)s, %(datetime_last_local)s
        )
    , parameters: {'name': 'Lapaz Intersection', 'locality': None, 'timezone': 'Africa/Accra', 'is_mobile': False, 'is_monitor': False, 'instruments': '[{"id": 4, "name": "Clarity Sensor"}]', 'sensors': '[{"id": 10331005, "name": "pm25 \\u00b5g/m\\u00b3", "parameter": {"id": 2, "name": "pm25", "units": "\\u00b5g/m\\u00b3", "display_name": "PM2.5"}}]', 'bounds': '[-0.24896, 5.60724, -0.24896, 5.60724]', 'distance': None, 'datetime_first': 'NaN', 'datetime_last': 'NaN', 'country_id': 152, 'country_code': 'GH', 'country_name': 'Ghana', 'owner_id': 9, 'owner_name': 'Clarity', 'provider_id': 166, 'provider_name': 'Clarity', 'latitude': 5.60724, 'longitude': -0.24896, 'datetime_first_utc': '2024-08-20T17:02:29Z', 'datetime_first_local': '2024-08-20T17:02:29Z', 'datetime_last_utc': '2025-04-28T16:03:57Z', 'datetime_last_local': '2025-04-28T16:03:57Z'}
[2025-04-28T16:43:05.676+0000] {sql.py:383} INFO - Rows affected: 1
[2025-04-28T16:43:05.679+0000] {base.py:73} INFO - Using connection ID '***_default' for task execution.
[2025-04-28T16:43:05.700+0000] {sql.py:374} INFO - Running statement: 
        INSERT INTO raw.air_quality (
            name, locality, timezone, is_mobile, is_monitor, instruments, sensors, bounds, distance,
            datetime_first, datetime_last, country_id, country_code, country_name,
            owner_id, owner_name, provider_id, provider_name, latitude, longitude,
            datetime_first_utc, datetime_first_local, datetime_last_utc, datetime_last_local
        ) VALUES (
            %(name)s, %(locality)s, %(timezone)s, %(is_mobile)s, %(is_monitor)s, %(instruments)s, %(sensors)s, %(bounds)s, %(distance)s,
            %(datetime_first)s, %(datetime_last)s, %(country_id)s, %(country_code)s, %(country_name)s,
            %(owner_id)s, %(owner_name)s, %(provider_id)s, %(provider_name)s, %(latitude)s, %(longitude)s,
            %(datetime_first_utc)s, %(datetime_first_local)s, %(datetime_last_utc)s, %(datetime_last_local)s
        )
    , parameters: {'name': 'Madina Zongo Junction', 'locality': None, 'timezone': 'Africa/Accra', 'is_mobile': False, 'is_monitor': False, 'instruments': '[{"id": 4, "name": "Clarity Sensor"}]', 'sensors': '[{"id": 10331003, "name": "pm25 \\u00b5g/m\\u00b3", "parameter": {"id": 2, "name": "pm25", "units": "\\u00b5g/m\\u00b3", "display_name": "PM2.5"}}]', 'bounds': '[-0.17295, 5.6779, -0.17295, 5.6779]', 'distance': None, 'datetime_first': 'NaN', 'datetime_last': 'NaN', 'country_id': 152, 'country_code': 'GH', 'country_name': 'Ghana', 'owner_id': 9, 'owner_name': 'Clarity', 'provider_id': 166, 'provider_name': 'Clarity', 'latitude': 5.6779, 'longitude': -0.17295, 'datetime_first_utc': '2024-08-20T17:07:26Z', 'datetime_first_local': '2024-08-20T17:07:26Z', 'datetime_last_utc': '2025-04-28T15:56:15Z', 'datetime_last_local': '2025-04-28T15:56:15Z'}
[2025-04-28T16:43:05.726+0000] {sql.py:383} INFO - Rows affected: 1
[2025-04-28T16:43:05.729+0000] {base.py:73} INFO - Using connection ID '***_default' for task execution.
[2025-04-28T16:43:05.750+0000] {sql.py:374} INFO - Running statement: 
        INSERT INTO raw.air_quality (
            name, locality, timezone, is_mobile, is_monitor, instruments, sensors, bounds, distance,
            datetime_first, datetime_last, country_id, country_code, country_name,
            owner_id, owner_name, provider_id, provider_name, latitude, longitude,
            datetime_first_utc, datetime_first_local, datetime_last_utc, datetime_last_local
        ) VALUES (
            %(name)s, %(locality)s, %(timezone)s, %(is_mobile)s, %(is_monitor)s, %(instruments)s, %(sensors)s, %(bounds)s, %(distance)s,
            %(datetime_first)s, %(datetime_last)s, %(country_id)s, %(country_code)s, %(country_name)s,
            %(owner_id)s, %(owner_name)s, %(provider_id)s, %(provider_name)s, %(latitude)s, %(longitude)s,
            %(datetime_first_utc)s, %(datetime_first_local)s, %(datetime_last_utc)s, %(datetime_last_local)s
        )
    , parameters: {'name': 'Agbogbloshie', 'locality': None, 'timezone': 'Africa/Accra', 'is_mobile': False, 'is_monitor': False, 'instruments': '[{"id": 4, "name": "Clarity Sensor"}]', 'sensors': '[{"id": 10331001, "name": "pm25 \\u00b5g/m\\u00b3", "parameter": {"id": 2, "name": "pm25", "units": "\\u00b5g/m\\u00b3", "display_name": "PM2.5"}}]', 'bounds': '[-0.21927, 5.55147, -0.21927, 5.55147]', 'distance': None, 'datetime_first': 'NaN', 'datetime_last': 'NaN', 'country_id': 152, 'country_code': 'GH', 'country_name': 'Ghana', 'owner_id': 9, 'owner_name': 'Clarity', 'provider_id': 166, 'provider_name': 'Clarity', 'latitude': 5.55147, 'longitude': -0.21927, 'datetime_first_utc': '2024-08-20T17:04:57Z', 'datetime_first_local': '2024-08-20T17:04:57Z', 'datetime_last_utc': '2025-04-28T15:49:55Z', 'datetime_last_local': '2025-04-28T15:49:55Z'}
[2025-04-28T16:43:05.776+0000] {sql.py:383} INFO - Rows affected: 1
[2025-04-28T16:43:05.780+0000] {base.py:73} INFO - Using connection ID '***_default' for task execution.
[2025-04-28T16:43:05.802+0000] {sql.py:374} INFO - Running statement: 
        INSERT INTO raw.air_quality (
            name, locality, timezone, is_mobile, is_monitor, instruments, sensors, bounds, distance,
            datetime_first, datetime_last, country_id, country_code, country_name,
            owner_id, owner_name, provider_id, provider_name, latitude, longitude,
            datetime_first_utc, datetime_first_local, datetime_last_utc, datetime_last_local
        ) VALUES (
            %(name)s, %(locality)s, %(timezone)s, %(is_mobile)s, %(is_monitor)s, %(instruments)s, %(sensors)s, %(bounds)s, %(distance)s,
            %(datetime_first)s, %(datetime_last)s, %(country_id)s, %(country_code)s, %(country_name)s,
            %(owner_id)s, %(owner_name)s, %(provider_id)s, %(provider_name)s, %(latitude)s, %(longitude)s,
            %(datetime_first_utc)s, %(datetime_first_local)s, %(datetime_last_utc)s, %(datetime_last_local)s
        )
    , parameters: {'name': 'Makola', 'locality': None, 'timezone': 'Africa/Accra', 'is_mobile': False, 'is_monitor': False, 'instruments': '[{"id": 4, "name": "Clarity Sensor"}]', 'sensors': '[{"id": 10330992, "name": "pm25 \\u00b5g/m\\u00b3", "parameter": {"id": 2, "name": "pm25", "units": "\\u00b5g/m\\u00b3", "display_name": "PM2.5"}}]', 'bounds': '[-0.2072, 5.54848, -0.2072, 5.54848]', 'distance': None, 'datetime_first': 'NaN', 'datetime_last': 'NaN', 'country_id': 152, 'country_code': 'GH', 'country_name': 'Ghana', 'owner_id': 9, 'owner_name': 'Clarity', 'provider_id': 166, 'provider_name': 'Clarity', 'latitude': 5.54848, 'longitude': -0.2072, 'datetime_first_utc': '2024-08-20T17:05:29Z', 'datetime_first_local': '2024-08-20T17:05:29Z', 'datetime_last_utc': '2025-04-28T15:59:56Z', 'datetime_last_local': '2025-04-28T15:59:56Z'}
[2025-04-28T16:43:05.828+0000] {sql.py:383} INFO - Rows affected: 1
[2025-04-28T16:43:05.832+0000] {base.py:73} INFO - Using connection ID '***_default' for task execution.
[2025-04-28T16:43:05.854+0000] {sql.py:374} INFO - Running statement: 
        INSERT INTO raw.air_quality (
            name, locality, timezone, is_mobile, is_monitor, instruments, sensors, bounds, distance,
            datetime_first, datetime_last, country_id, country_code, country_name,
            owner_id, owner_name, provider_id, provider_name, latitude, longitude,
            datetime_first_utc, datetime_first_local, datetime_last_utc, datetime_last_local
        ) VALUES (
            %(name)s, %(locality)s, %(timezone)s, %(is_mobile)s, %(is_monitor)s, %(instruments)s, %(sensors)s, %(bounds)s, %(distance)s,
            %(datetime_first)s, %(datetime_last)s, %(country_id)s, %(country_code)s, %(country_name)s,
            %(owner_id)s, %(owner_name)s, %(provider_id)s, %(provider_name)s, %(latitude)s, %(longitude)s,
            %(datetime_first_utc)s, %(datetime_first_local)s, %(datetime_last_utc)s, %(datetime_last_local)s
        )
    , parameters: {'name': 'Osu Oxford Street', 'locality': None, 'timezone': 'Africa/Accra', 'is_mobile': False, 'is_monitor': False, 'instruments': '[{"id": 4, "name": "Clarity Sensor"}]', 'sensors': '[{"id": 10331002, "name": "pm25 \\u00b5g/m\\u00b3", "parameter": {"id": 2, "name": "pm25", "units": "\\u00b5g/m\\u00b3", "display_name": "PM2.5"}}]', 'bounds': '[-0.18202, 5.55969, -0.18202, 5.55969]', 'distance': None, 'datetime_first': 'NaN', 'datetime_last': 'NaN', 'country_id': 152, 'country_code': 'GH', 'country_name': 'Ghana', 'owner_id': 9, 'owner_name': 'Clarity', 'provider_id': 166, 'provider_name': 'Clarity', 'latitude': 5.55969, 'longitude': -0.18202, 'datetime_first_utc': '2024-08-20T17:02:52Z', 'datetime_first_local': '2024-08-20T17:02:52Z', 'datetime_last_utc': '2025-04-06T09:39:13Z', 'datetime_last_local': '2025-04-06T09:39:13Z'}
[2025-04-28T16:43:05.882+0000] {sql.py:383} INFO - Rows affected: 1
[2025-04-28T16:43:05.889+0000] {base.py:73} INFO - Using connection ID '***_default' for task execution.
[2025-04-28T16:43:05.914+0000] {sql.py:374} INFO - Running statement: 
        INSERT INTO raw.air_quality (
            name, locality, timezone, is_mobile, is_monitor, instruments, sensors, bounds, distance,
            datetime_first, datetime_last, country_id, country_code, country_name,
            owner_id, owner_name, provider_id, provider_name, latitude, longitude,
            datetime_first_utc, datetime_first_local, datetime_last_utc, datetime_last_local
        ) VALUES (
            %(name)s, %(locality)s, %(timezone)s, %(is_mobile)s, %(is_monitor)s, %(instruments)s, %(sensors)s, %(bounds)s, %(distance)s,
            %(datetime_first)s, %(datetime_last)s, %(country_id)s, %(country_code)s, %(country_name)s,
            %(owner_id)s, %(owner_name)s, %(provider_id)s, %(provider_name)s, %(latitude)s, %(longitude)s,
            %(datetime_first_utc)s, %(datetime_first_local)s, %(datetime_last_utc)s, %(datetime_last_local)s
        )
    , parameters: {'name': 'Nima Market', 'locality': None, 'timezone': 'Africa/Accra', 'is_mobile': False, 'is_monitor': False, 'instruments': '[{"id": 4, "name": "Clarity Sensor"}]', 'sensors': '[{"id": 10330995, "name": "pm25 \\u00b5g/m\\u00b3", "parameter": {"id": 2, "name": "pm25", "units": "\\u00b5g/m\\u00b3", "display_name": "PM2.5"}}]', 'bounds': '[-0.19863, 5.58212, -0.19863, 5.58212]', 'distance': None, 'datetime_first': 'NaN', 'datetime_last': 'NaN', 'country_id': 152, 'country_code': 'GH', 'country_name': 'Ghana', 'owner_id': 9, 'owner_name': 'Clarity', 'provider_id': 166, 'provider_name': 'Clarity', 'latitude': 5.58212, 'longitude': -0.19863, 'datetime_first_utc': '2024-08-20T17:00:58Z', 'datetime_first_local': '2024-08-20T17:00:58Z', 'datetime_last_utc': '2025-03-25T11:22:07Z', 'datetime_last_local': '2025-03-25T11:22:07Z'}
[2025-04-28T16:43:05.942+0000] {sql.py:383} INFO - Rows affected: 1
[2025-04-28T16:43:05.946+0000] {base.py:73} INFO - Using connection ID '***_default' for task execution.
[2025-04-28T16:43:05.967+0000] {sql.py:374} INFO - Running statement: 
        INSERT INTO raw.air_quality (
            name, locality, timezone, is_mobile, is_monitor, instruments, sensors, bounds, distance,
            datetime_first, datetime_last, country_id, country_code, country_name,
            owner_id, owner_name, provider_id, provider_name, latitude, longitude,
            datetime_first_utc, datetime_first_local, datetime_last_utc, datetime_last_local
        ) VALUES (
            %(name)s, %(locality)s, %(timezone)s, %(is_mobile)s, %(is_monitor)s, %(instruments)s, %(sensors)s, %(bounds)s, %(distance)s,
            %(datetime_first)s, %(datetime_last)s, %(country_id)s, %(country_code)s, %(country_name)s,
            %(owner_id)s, %(owner_name)s, %(provider_id)s, %(provider_name)s, %(latitude)s, %(longitude)s,
            %(datetime_first_utc)s, %(datetime_first_local)s, %(datetime_last_utc)s, %(datetime_last_local)s
        )
    , parameters: {'name': 'Kaneshie Market', 'locality': None, 'timezone': 'Africa/Accra', 'is_mobile': False, 'is_monitor': False, 'instruments': '[{"id": 4, "name": "Clarity Sensor"}]', 'sensors': '[{"id": 10330998, "name": "pm25 \\u00b5g/m\\u00b3", "parameter": {"id": 2, "name": "pm25", "units": "\\u00b5g/m\\u00b3", "display_name": "PM2.5"}}]', 'bounds': '[-0.23548, 5.56608, -0.23548, 5.56608]', 'distance': None, 'datetime_first': 'NaN', 'datetime_last': 'NaN', 'country_id': 152, 'country_code': 'GH', 'country_name': 'Ghana', 'owner_id': 9, 'owner_name': 'Clarity', 'provider_id': 166, 'provider_name': 'Clarity', 'latitude': 5.56608, 'longitude': -0.23548, 'datetime_first_utc': '2024-08-20T17:16:23Z', 'datetime_first_local': '2024-08-20T17:16:23Z', 'datetime_last_utc': '2025-04-28T15:59:56Z', 'datetime_last_local': '2025-04-28T15:59:56Z'}
[2025-04-28T16:43:05.993+0000] {sql.py:383} INFO - Rows affected: 1
[2025-04-28T16:43:05.996+0000] {base.py:73} INFO - Using connection ID '***_default' for task execution.
[2025-04-28T16:43:06.017+0000] {sql.py:374} INFO - Running statement: 
        INSERT INTO raw.air_quality (
            name, locality, timezone, is_mobile, is_monitor, instruments, sensors, bounds, distance,
            datetime_first, datetime_last, country_id, country_code, country_name,
            owner_id, owner_name, provider_id, provider_name, latitude, longitude,
            datetime_first_utc, datetime_first_local, datetime_last_utc, datetime_last_local
        ) VALUES (
            %(name)s, %(locality)s, %(timezone)s, %(is_mobile)s, %(is_monitor)s, %(instruments)s, %(sensors)s, %(bounds)s, %(distance)s,
            %(datetime_first)s, %(datetime_last)s, %(country_id)s, %(country_code)s, %(country_name)s,
            %(owner_id)s, %(owner_name)s, %(provider_id)s, %(provider_name)s, %(latitude)s, %(longitude)s,
            %(datetime_first_utc)s, %(datetime_first_local)s, %(datetime_last_utc)s, %(datetime_last_local)s
        )
    , parameters: {'name': 'Kwame Nkrumah Circle', 'locality': None, 'timezone': 'Africa/Accra', 'is_mobile': False, 'is_monitor': False, 'instruments': '[{"id": 4, "name": "Clarity Sensor"}]', 'sensors': '[{"id": 10330993, "name": "pm25 \\u00b5g/m\\u00b3", "parameter": {"id": 2, "name": "pm25", "units": "\\u00b5g/m\\u00b3", "display_name": "PM2.5"}}]', 'bounds': '[-0.21404, 5.56936, -0.21404, 5.56936]', 'distance': None, 'datetime_first': 'NaN', 'datetime_last': 'NaN', 'country_id': 152, 'country_code': 'GH', 'country_name': 'Ghana', 'owner_id': 9, 'owner_name': 'Clarity', 'provider_id': 166, 'provider_name': 'Clarity', 'latitude': 5.56936, 'longitude': -0.21404, 'datetime_first_utc': '2024-08-20T17:16:26Z', 'datetime_first_local': '2024-08-20T17:16:26Z', 'datetime_last_utc': '2025-04-28T15:53:49Z', 'datetime_last_local': '2025-04-28T15:53:49Z'}
[2025-04-28T16:43:06.043+0000] {sql.py:383} INFO - Rows affected: 1
[2025-04-28T16:43:06.046+0000] {base.py:73} INFO - Using connection ID '***_default' for task execution.
[2025-04-28T16:43:06.066+0000] {sql.py:374} INFO - Running statement: 
        INSERT INTO raw.air_quality (
            name, locality, timezone, is_mobile, is_monitor, instruments, sensors, bounds, distance,
            datetime_first, datetime_last, country_id, country_code, country_name,
            owner_id, owner_name, provider_id, provider_name, latitude, longitude,
            datetime_first_utc, datetime_first_local, datetime_last_utc, datetime_last_local
        ) VALUES (
            %(name)s, %(locality)s, %(timezone)s, %(is_mobile)s, %(is_monitor)s, %(instruments)s, %(sensors)s, %(bounds)s, %(distance)s,
            %(datetime_first)s, %(datetime_last)s, %(country_id)s, %(country_code)s, %(country_name)s,
            %(owner_id)s, %(owner_name)s, %(provider_id)s, %(provider_name)s, %(latitude)s, %(longitude)s,
            %(datetime_first_utc)s, %(datetime_first_local)s, %(datetime_last_utc)s, %(datetime_last_local)s
        )
    , parameters: {'name': 'Tetteh Quarshie Interchange', 'locality': None, 'timezone': 'Africa/Accra', 'is_mobile': False, 'is_monitor': False, 'instruments': '[{"id": 4, "name": "Clarity Sensor"}]', 'sensors': '[{"id": 10330994, "name": "pm25 \\u00b5g/m\\u00b3", "parameter": {"id": 2, "name": "pm25", "units": "\\u00b5g/m\\u00b3", "display_name": "PM2.5"}}]', 'bounds': '[-0.17626, 5.61919, -0.17626, 5.61919]', 'distance': None, 'datetime_first': 'NaN', 'datetime_last': 'NaN', 'country_id': 152, 'country_code': 'GH', 'country_name': 'Ghana', 'owner_id': 9, 'owner_name': 'Clarity', 'provider_id': 166, 'provider_name': 'Clarity', 'latitude': 5.61919, 'longitude': -0.17626, 'datetime_first_utc': '2024-08-20T17:15:28Z', 'datetime_first_local': '2024-08-20T17:15:28Z', 'datetime_last_utc': '2025-04-28T15:59:40Z', 'datetime_last_local': '2025-04-28T15:59:40Z'}
[2025-04-28T16:43:06.092+0000] {sql.py:383} INFO - Rows affected: 1
[2025-04-28T16:43:06.095+0000] {python.py:183} INFO - Done. Returned value was: None
[2025-04-28T16:43:06.150+0000] {taskinstance.py:1345} INFO - Marking task as SUCCESS. dag_id=earth_monitoring_system, task_id=fetch_air_quality, execution_date=20250428T164258, start_date=20250428T164303, end_date=20250428T164306
[2025-04-28T16:43:06.534+0000] {local_task_job_runner.py:225} INFO - Task exited with return code 0
[2025-04-28T16:43:06.619+0000] {taskinstance.py:2653} INFO - 0 downstream tasks scheduled from follow-on schedule check
