[2025-04-28T15:06:37.431+0000] {logging_mixin.py:150} WARNING - /home/airflow/.local/lib/python3.10/site-packages/airflow/utils/sqlalchemy.py:124 DeprecationWarning: The sql_alchemy_conn option in [core] has been moved to the sql_alchemy_conn option in [database] - the old setting has been used, but please update your config.
[2025-04-28T15:06:37.561+0000] {taskinstance.py:1103} INFO - Dependencies all met for dep_context=non-requeueable deps ti=<TaskInstance: earth_monitoring_system.fetch_air_quality scheduled__2025-04-27T15:01:30.253089+00:00 [queued]>
[2025-04-28T15:06:37.587+0000] {taskinstance.py:1103} INFO - Dependencies all met for dep_context=requeueable deps ti=<TaskInstance: earth_monitoring_system.fetch_air_quality scheduled__2025-04-27T15:01:30.253089+00:00 [queued]>
[2025-04-28T15:06:37.587+0000] {taskinstance.py:1308} INFO - Starting attempt 2 of 2
[2025-04-28T15:06:38.338+0000] {taskinstance.py:1327} INFO - Executing <Task(PythonOperator): fetch_air_quality> on 2025-04-27 15:01:30.253089+00:00
[2025-04-28T15:06:38.351+0000] {standard_task_runner.py:57} INFO - Started process 230 to run task
[2025-04-28T15:06:38.369+0000] {standard_task_runner.py:84} INFO - Running: ['airflow', 'tasks', 'run', 'earth_monitoring_system', 'fetch_air_quality', 'scheduled__2025-04-27T15:01:30.253089+00:00', '--job-id', '3', '--raw', '--subdir', 'DAGS_FOLDER/earth_monitoring_dag.py', '--cfg-path', '/tmp/tmp56dec_4q']
[2025-04-28T15:06:38.372+0000] {standard_task_runner.py:85} INFO - Job 3: Subtask fetch_air_quality
[2025-04-28T15:06:38.496+0000] {logging_mixin.py:150} WARNING - /home/airflow/.local/lib/python3.10/site-packages/airflow/settings.py:195 DeprecationWarning: The sql_alchemy_conn option in [core] has been moved to the sql_alchemy_conn option in [database] - the old setting has been used, but please update your config.
[2025-04-28T15:06:38.798+0000] {task_command.py:410} INFO - Running <TaskInstance: earth_monitoring_system.fetch_air_quality scheduled__2025-04-27T15:01:30.253089+00:00 [running]> on host 2b624478a59b
[2025-04-28T15:06:38.890+0000] {logging_mixin.py:150} WARNING - /home/airflow/.local/lib/python3.10/site-packages/airflow/utils/sqlalchemy.py:124 DeprecationWarning: The sql_alchemy_conn option in [core] has been moved to the sql_alchemy_conn option in [database] - the old setting has been used, but please update your config.
[2025-04-28T15:06:39.194+0000] {taskinstance.py:1545} INFO - Exporting env vars: AIRFLOW_CTX_DAG_OWNER='airflow' AIRFLOW_CTX_DAG_ID='earth_monitoring_system' AIRFLOW_CTX_TASK_ID='fetch_air_quality' AIRFLOW_CTX_EXECUTION_DATE='2025-04-27T15:01:30.253089+00:00' AIRFLOW_CTX_TRY_NUMBER='2' AIRFLOW_CTX_DAG_RUN_ID='scheduled__2025-04-27T15:01:30.253089+00:00'
[2025-04-28T15:06:39.197+0000] {client.py:92} ERROR - API key not set: An API key is required when using the OpenAQ API
[2025-04-28T15:06:39.198+0000] {taskinstance.py:1824} ERROR - Task failed with exception
Traceback (most recent call last):
  File "/home/airflow/.local/lib/python3.10/site-packages/airflow/operators/python.py", line 181, in execute
    return_value = self.execute_callable()
  File "/home/airflow/.local/lib/python3.10/site-packages/airflow/operators/python.py", line 198, in execute_callable
    return self.python_callable(*self.op_args, **self.op_kwargs)
  File "/opt/airflow/dags/extract_openaq_raw.py", line 10, in extract_and_store_openaq
    client = OpenAQ(api_key=API_KEY)
  File "/home/airflow/.local/lib/python3.10/site-packages/openaq/_sync/client.py", line 65, in __init__
    super().__init__(_transport, headers, api_key, base_url)
  File "/home/airflow/.local/lib/python3.10/site-packages/openaq/shared/client.py", line 88, in __init__
    self._check_api_key_url()
  File "/home/airflow/.local/lib/python3.10/site-packages/openaq/shared/client.py", line 95, in _check_api_key_url
    raise ApiKeyMissingError(
openaq.shared.exceptions.ApiKeyMissingError: API key not set: An API key is required when using the OpenAQ API
[2025-04-28T15:06:39.265+0000] {taskinstance.py:1345} INFO - Marking task as FAILED. dag_id=earth_monitoring_system, task_id=fetch_air_quality, execution_date=20250427T150130, start_date=20250428T150637, end_date=20250428T150639
[2025-04-28T15:06:39.312+0000] {standard_task_runner.py:104} ERROR - Failed to execute job 3 for task fetch_air_quality (API key not set: An API key is required when using the OpenAQ API; 230)
[2025-04-28T15:06:39.320+0000] {local_task_job_runner.py:225} INFO - Task exited with return code 1
[2025-04-28T15:06:39.404+0000] {taskinstance.py:2653} INFO - 0 downstream tasks scheduled from follow-on schedule check
